<?xml version="1.0" encoding="UTF-8"?>
<coverage generated="1572869386932" clover="3.2.0">
  <project timestamp="1572869386932" name="All files">
    <metrics statements="284" coveredstatements="284" conditionals="97" coveredconditionals="97" methods="54" coveredmethods="54" elements="435" coveredelements="435" complexity="0" loc="284" ncloc="284" packages="3" files="9" classes="9"/>
    <package name="src">
      <metrics statements="13" coveredstatements="13" conditionals="0" coveredconditionals="0" methods="0" coveredmethods="0"/>
      <file name="api_handler.ts" path="/Users/devcreative/Desktop/repo/gitlab/didi-repo/mouro/src/api_handler.ts">
        <metrics statements="13" coveredstatements="13" conditionals="0" coveredconditionals="0" methods="0" coveredmethods="0"/>
        <line num="4" count="1" type="stmt"/>
        <line num="5" count="1" type="stmt"/>
        <line num="6" count="1" type="stmt"/>
        <line num="7" count="1" type="stmt"/>
        <line num="8" count="1" type="stmt"/>
        <line num="11" count="1" type="stmt"/>
        <line num="12" count="1" type="stmt"/>
        <line num="13" count="1" type="stmt"/>
        <line num="14" count="1" type="stmt"/>
        <line num="15" count="1" type="stmt"/>
        <line num="18" count="1" type="stmt"/>
        <line num="21" count="1" type="stmt"/>
        <line num="24" count="1" type="stmt"/>
      </file>
    </package>
    <package name="src.handlers">
      <metrics statements="14" coveredstatements="14" conditionals="0" coveredconditionals="0" methods="5" coveredmethods="5"/>
      <file name="graphql.ts" path="/Users/devcreative/Desktop/repo/gitlab/didi-repo/mouro/src/handlers/graphql.ts">
        <metrics statements="14" coveredstatements="14" conditionals="0" coveredconditionals="0" methods="5" coveredmethods="5"/>
        <line num="1" count="2" type="stmt"/>
        <line num="6" count="2" type="stmt"/>
        <line num="11" count="2" type="stmt"/>
        <line num="14" count="2" type="stmt"/>
        <line num="15" count="1" type="stmt"/>
        <line num="16" count="1" type="stmt"/>
        <line num="19" count="2" type="stmt"/>
        <line num="20" count="1" type="stmt"/>
        <line num="21" count="1" type="stmt"/>
        <line num="24" count="1" type="stmt"/>
        <line num="25" count="1" type="stmt"/>
        <line num="26" count="1" type="stmt"/>
        <line num="37" count="1" type="stmt"/>
        <line num="45" count="2" type="stmt"/>
      </file>
    </package>
    <package name="src.lib">
      <metrics statements="257" coveredstatements="257" conditionals="97" coveredconditionals="97" methods="49" coveredmethods="49"/>
      <file name="authMgr.ts" path="/Users/devcreative/Desktop/repo/gitlab/didi-repo/mouro/src/lib/authMgr.ts">
        <metrics statements="37" coveredstatements="37" conditionals="28" coveredconditionals="28" methods="5" coveredmethods="5"/>
        <line num="1" count="5" type="stmt"/>
        <line num="23" count="5" type="stmt"/>
        <line num="26" count="3" type="stmt"/>
        <line num="29" count="5" type="stmt"/>
        <line num="30" count="16" type="cond" truecount="2" falsecount="0"/>
        <line num="31" count="15" type="stmt"/>
        <line num="32" count="11" type="stmt"/>
        <line num="35" count="5" type="stmt"/>
        <line num="36" count="13" type="stmt"/>
        <line num="37" count="13" type="cond" truecount="2" falsecount="0"/>
        <line num="38" count="13" type="cond" truecount="2" falsecount="0"/>
        <line num="40" count="11" type="stmt"/>
        <line num="41" count="11" type="cond" truecount="2" falsecount="0"/>
        <line num="42" count="10" type="stmt"/>
        <line num="43" count="10" type="cond" truecount="2" falsecount="0"/>
        <line num="45" count="9" type="cond" truecount="1" falsecount="0"/>
        <line num="50" count="5" type="stmt"/>
        <line num="54" count="9" type="cond" truecount="1" falsecount="0"/>
        <line num="55" count="8" type="cond" truecount="2" falsecount="0"/>
        <line num="57" count="7" type="stmt"/>
        <line num="61" count="9" type="cond" truecount="4" falsecount="0"/>
        <line num="62" count="5" type="stmt"/>
        <line num="63" count="5" type="stmt"/>
        <line num="64" count="5" type="stmt"/>
        <line num="65" count="9" type="cond" truecount="2" falsecount="0"/>
        <line num="66" count="4" type="stmt"/>
        <line num="70" count="4" type="stmt"/>
        <line num="73" count="3" type="cond" truecount="2" falsecount="0"/>
        <line num="74" count="2" type="stmt"/>
        <line num="79" count="2" type="stmt"/>
        <line num="80" count="1" type="cond" truecount="2" falsecount="0"/>
        <line num="81" count="1" type="stmt"/>
        <line num="85" count="1" type="stmt"/>
        <line num="88" count="5" type="cond" truecount="2" falsecount="0"/>
        <line num="89" count="5" type="cond" truecount="2" falsecount="0"/>
        <line num="93" count="7" type="stmt"/>
        <line num="96" count="5" type="stmt"/>
      </file>
      <file name="edgeResolverMgr.ts" path="/Users/devcreative/Desktop/repo/gitlab/didi-repo/mouro/src/lib/edgeResolverMgr.ts">
        <metrics statements="28" coveredstatements="28" conditionals="8" coveredconditionals="8" methods="4" coveredmethods="4"/>
        <line num="1" count="4" type="stmt"/>
        <line num="2" count="4" type="stmt"/>
        <line num="6" count="4" type="stmt"/>
        <line num="11" count="2" type="stmt"/>
        <line num="14" count="4" type="stmt"/>
        <line num="15" count="2" type="stmt"/>
        <line num="18" count="2" type="stmt"/>
        <line num="19" count="2" type="stmt"/>
        <line num="23" count="2" type="stmt"/>
        <line num="24" count="2" type="stmt"/>
        <line num="25" count="1" type="stmt"/>
        <line num="27" count="1" type="stmt"/>
        <line num="29" count="1" type="stmt"/>
        <line num="41" count="1" type="stmt"/>
        <line num="42" count="1" type="stmt"/>
        <line num="45" count="2" type="stmt"/>
        <line num="48" count="1" type="stmt"/>
        <line num="49" count="1" type="stmt"/>
        <line num="50" count="1" type="stmt"/>
        <line num="51" count="1" type="stmt"/>
        <line num="54" count="4" type="stmt"/>
        <line num="56" count="5" type="stmt"/>
        <line num="57" count="5" type="cond" truecount="2" falsecount="0"/>
        <line num="59" count="4" type="cond" truecount="2" falsecount="0"/>
        <line num="60" count="3" type="cond" truecount="2" falsecount="0"/>
        <line num="61" count="2" type="cond" truecount="2" falsecount="0"/>
        <line num="63" count="1" type="stmt"/>
        <line num="66" count="4" type="stmt"/>
      </file>
      <file name="pgMgr.ts" path="/Users/devcreative/Desktop/repo/gitlab/didi-repo/mouro/src/lib/pgMgr.ts">
        <metrics statements="65" coveredstatements="65" conditionals="22" coveredconditionals="22" methods="8" coveredmethods="8"/>
        <line num="3" count="3" type="stmt"/>
        <line num="4" count="3" type="stmt"/>
        <line num="6" count="3" type="stmt"/>
        <line num="9" count="1" type="stmt"/>
        <line num="12" count="3" type="stmt"/>
        <line num="13" count="14" type="stmt"/>
        <line num="18" count="3" type="stmt"/>
        <line num="19" count="2" type="stmt"/>
        <line num="36" count="2" type="stmt"/>
        <line num="38" count="4" type="stmt"/>
        <line num="39" count="2" type="stmt"/>
        <line num="40" count="1" type="stmt"/>
        <line num="42" count="1" type="stmt"/>
        <line num="44" count="4" type="cond" truecount="1" falsecount="0"/>
        <line num="48" count="3" type="stmt"/>
        <line num="50" count="2" type="stmt"/>
        <line num="69" count="2" type="stmt"/>
        <line num="71" count="4" type="stmt"/>
        <line num="72" count="2" type="stmt"/>
        <line num="84" count="1" type="stmt"/>
        <line num="86" count="1" type="stmt"/>
        <line num="88" count="4" type="cond" truecount="1" falsecount="0"/>
        <line num="92" count="3" type="stmt"/>
        <line num="93" count="4" type="stmt"/>
        <line num="96" count="4" type="stmt"/>
        <line num="98" count="4" type="stmt"/>
        <line num="99" count="4" type="stmt"/>
        <line num="101" count="4" type="stmt"/>
        <line num="103" count="8" type="stmt"/>
        <line num="104" count="4" type="stmt"/>
        <line num="105" count="3" type="stmt"/>
        <line num="107" count="1" type="stmt"/>
        <line num="109" count="8" type="cond" truecount="1" falsecount="0"/>
        <line num="113" count="3" type="stmt"/>
        <line num="115" count="6" type="stmt"/>
        <line num="117" count="6" type="cond" truecount="2" falsecount="0"/>
        <line num="118" count="6" type="cond" truecount="2" falsecount="0"/>
        <line num="119" count="6" type="cond" truecount="2" falsecount="0"/>
        <line num="120" count="6" type="cond" truecount="2" falsecount="0"/>
        <line num="121" count="6" type="cond" truecount="2" falsecount="0"/>
        <line num="124" count="6" type="stmt"/>
        <line num="126" count="6" type="stmt"/>
        <line num="130" count="6" type="stmt"/>
        <line num="132" count="6" type="stmt"/>
        <line num="134" count="12" type="stmt"/>
        <line num="135" count="6" type="stmt"/>
        <line num="136" count="5" type="stmt"/>
        <line num="138" count="1" type="stmt"/>
        <line num="140" count="12" type="cond" truecount="1" falsecount="0"/>
        <line num="145" count="3" type="stmt"/>
        <line num="149" count="10" type="stmt"/>
        <line num="150" count="10" type="stmt"/>
        <line num="152" count="10" type="cond" truecount="2" falsecount="0"/>
        <line num="154" count="9" type="stmt"/>
        <line num="160" count="9" type="stmt"/>
        <line num="168" count="9" type="stmt"/>
        <line num="171" count="10" type="stmt"/>
        <line num="173" count="10" type="cond" truecount="4" falsecount="0"/>
        <line num="174" count="2" type="stmt"/>
        <line num="175" count="2" type="stmt"/>
        <line num="178" count="2" type="cond" truecount="2" falsecount="0"/>
        <line num="179" count="1" type="stmt"/>
        <line num="183" count="1" type="stmt"/>
        <line num="187" count="10" type="stmt"/>
        <line num="190" count="3" type="stmt"/>
      </file>
      <file name="queryResolverMgr.ts" path="/Users/devcreative/Desktop/repo/gitlab/didi-repo/mouro/src/lib/queryResolverMgr.ts">
        <metrics statements="26" coveredstatements="26" conditionals="7" coveredconditionals="7" methods="5" coveredmethods="5"/>
        <line num="5" count="4" type="stmt"/>
        <line num="11" count="2" type="stmt"/>
        <line num="12" count="2" type="stmt"/>
        <line num="15" count="4" type="stmt"/>
        <line num="16" count="3" type="cond" truecount="1" falsecount="0"/>
        <line num="17" count="2" type="cond" truecount="2" falsecount="0"/>
        <line num="19" count="1" type="stmt"/>
        <line num="24" count="4" type="stmt"/>
        <line num="26" count="4" type="cond" truecount="1" falsecount="0"/>
        <line num="28" count="3" type="stmt"/>
        <line num="29" count="2" type="cond" truecount="2" falsecount="0"/>
        <line num="32" count="1" type="stmt"/>
        <line num="33" count="1" type="stmt"/>
        <line num="34" count="1" type="stmt"/>
        <line num="35" count="1" type="stmt"/>
        <line num="38" count="4" type="stmt"/>
        <line num="39" count="3" type="cond" truecount="1" falsecount="0"/>
        <line num="41" count="2" type="stmt"/>
        <line num="43" count="1" type="stmt"/>
        <line num="44" count="1" type="stmt"/>
        <line num="46" count="1" type="stmt"/>
        <line num="47" count="1" type="stmt"/>
        <line num="48" count="1" type="stmt"/>
        <line num="49" count="1" type="stmt"/>
        <line num="53" count="1" type="stmt"/>
        <line num="55" count="4" type="stmt"/>
      </file>
      <file name="schemaMgr.ts" path="/Users/devcreative/Desktop/repo/gitlab/didi-repo/mouro/src/lib/schemaMgr.ts">
        <metrics statements="26" coveredstatements="26" conditionals="4" coveredconditionals="4" methods="13" coveredmethods="13"/>
        <line num="1" count="3" type="stmt"/>
        <line num="2" count="3" type="stmt"/>
        <line num="6" count="3" type="stmt"/>
        <line num="12" count="2" type="stmt"/>
        <line num="13" count="2" type="stmt"/>
        <line num="16" count="3" type="stmt"/>
        <line num="17" count="2" type="stmt"/>
        <line num="20" count="6" type="stmt"/>
        <line num="21" count="6" type="stmt"/>
        <line num="24" count="1" type="stmt"/>
        <line num="25" count="1" type="cond" truecount="1" falsecount="0"/>
        <line num="26" count="1" type="stmt"/>
        <line num="29" count="1" type="stmt"/>
        <line num="30" count="1" type="cond" truecount="1" falsecount="0"/>
        <line num="31" count="1" type="stmt"/>
        <line num="34" count="1" type="stmt"/>
        <line num="35" count="1" type="cond" truecount="1" falsecount="0"/>
        <line num="36" count="1" type="stmt"/>
        <line num="40" count="1" type="stmt"/>
        <line num="41" count="1" type="cond" truecount="1" falsecount="0"/>
        <line num="42" count="1" type="stmt"/>
        <line num="55" count="3" type="stmt"/>
        <line num="56" count="2" type="stmt"/>
        <line num="57" count="2" type="stmt"/>
        <line num="58" count="2" type="stmt"/>
        <line num="64" count="3" type="stmt"/>
      </file>
      <file name="sqliteMgr.ts" path="/Users/devcreative/Desktop/repo/gitlab/didi-repo/mouro/src/lib/sqliteMgr.ts">
        <metrics statements="60" coveredstatements="60" conditionals="21" coveredconditionals="21" methods="8" coveredmethods="8"/>
        <line num="3" count="2" type="stmt"/>
        <line num="4" count="2" type="stmt"/>
        <line num="6" count="2" type="stmt"/>
        <line num="11" count="1" type="stmt"/>
        <line num="14" count="2" type="stmt"/>
        <line num="15" count="31" type="cond" truecount="2" falsecount="0"/>
        <line num="16" count="1" type="stmt"/>
        <line num="18" count="16" type="cond" truecount="1" falsecount="0"/>
        <line num="21" count="2" type="stmt"/>
        <line num="22" count="2" type="stmt"/>
        <line num="37" count="2" type="stmt"/>
        <line num="39" count="2" type="stmt"/>
        <line num="40" count="1" type="stmt"/>
        <line num="42" count="1" type="stmt"/>
        <line num="46" count="2" type="stmt"/>
        <line num="48" count="2" type="stmt"/>
        <line num="66" count="2" type="stmt"/>
        <line num="68" count="2" type="stmt"/>
        <line num="80" count="1" type="stmt"/>
        <line num="82" count="1" type="stmt"/>
        <line num="86" count="2" type="stmt"/>
        <line num="87" count="5" type="stmt"/>
        <line num="90" count="5" type="stmt"/>
        <line num="92" count="5" type="stmt"/>
        <line num="93" count="5" type="stmt"/>
        <line num="95" count="5" type="stmt"/>
        <line num="97" count="5" type="stmt"/>
        <line num="98" count="4" type="stmt"/>
        <line num="100" count="1" type="stmt"/>
        <line num="104" count="2" type="stmt"/>
        <line num="106" count="7" type="stmt"/>
        <line num="107" count="7" type="stmt"/>
        <line num="109" count="7" type="cond" truecount="2" falsecount="0"/>
        <line num="110" count="7" type="cond" truecount="2" falsecount="0"/>
        <line num="111" count="7" type="cond" truecount="2" falsecount="0"/>
        <line num="112" count="7" type="cond" truecount="2" falsecount="0"/>
        <line num="113" count="7" type="cond" truecount="2" falsecount="0"/>
        <line num="116" count="7" type="stmt"/>
        <line num="118" count="7" type="stmt"/>
        <line num="122" count="7" type="stmt"/>
        <line num="124" count="7" type="stmt"/>
        <line num="126" count="7" type="stmt"/>
        <line num="127" count="6" type="stmt"/>
        <line num="129" count="1" type="stmt"/>
        <line num="134" count="2" type="stmt"/>
        <line num="138" count="12" type="stmt"/>
        <line num="139" count="12" type="stmt"/>
        <line num="141" count="12" type="cond" truecount="2" falsecount="0"/>
        <line num="143" count="11" type="stmt"/>
        <line num="149" count="11" type="stmt"/>
        <line num="157" count="11" type="stmt"/>
        <line num="161" count="12" type="stmt"/>
        <line num="163" count="12" type="cond" truecount="4" falsecount="0"/>
        <line num="164" count="2" type="stmt"/>
        <line num="165" count="2" type="stmt"/>
        <line num="168" count="2" type="cond" truecount="2" falsecount="0"/>
        <line num="169" count="1" type="stmt"/>
        <line num="173" count="1" type="stmt"/>
        <line num="177" count="12" type="stmt"/>
        <line num="180" count="2" type="stmt"/>
      </file>
      <file name="storageMgr.ts" path="/Users/devcreative/Desktop/repo/gitlab/didi-repo/mouro/src/lib/storageMgr.ts">
        <metrics statements="15" coveredstatements="15" conditionals="7" coveredconditionals="7" methods="6" coveredmethods="6"/>
        <line num="23" count="6" type="stmt"/>
        <line num="27" count="4" type="stmt"/>
        <line num="28" count="4" type="cond" truecount="2" falsecount="0"/>
        <line num="29" count="4" type="cond" truecount="2" falsecount="0"/>
        <line num="33" count="4" type="cond" truecount="2" falsecount="0"/>
        <line num="34" count="3" type="stmt"/>
        <line num="35" count="6" type="cond" truecount="1" falsecount="0"/>
        <line num="38" count="1" type="stmt"/>
        <line num="43" count="6" type="stmt"/>
        <line num="44" count="1" type="stmt"/>
        <line num="47" count="6" type="stmt"/>
        <line num="48" count="1" type="stmt"/>
        <line num="51" count="6" type="stmt"/>
        <line num="52" count="1" type="stmt"/>
        <line num="54" count="6" type="stmt"/>
      </file>
    </package>
  </project>
</coverage>
