{"/Users/devcreative/Desktop/repo/gitlab/didi-repo/mouro/src/api_handler.ts": {"path":"/Users/devcreative/Desktop/repo/gitlab/didi-repo/mouro/src/api_handler.ts","statementMap":{"0":{"start":{"line":4,"column":0},"end":{"line":4,"column":38}},"1":{"start":{"line":5,"column":0},"end":{"line":5,"column":44}},"2":{"start":{"line":6,"column":0},"end":{"line":6,"column":56}},"3":{"start":{"line":7,"column":0},"end":{"line":7,"column":54}},"4":{"start":{"line":8,"column":0},"end":{"line":8,"column":42}},"5":{"start":{"line":11,"column":14},"end":{"line":11,"column":27}},"6":{"start":{"line":12,"column":17},"end":{"line":12,"column":33}},"7":{"start":{"line":13,"column":23},"end":{"line":13,"column":63}},"8":{"start":{"line":14,"column":22},"end":{"line":14,"column":53}},"9":{"start":{"line":15,"column":16},"end":{"line":15,"column":63}},"10":{"start":{"line":18,"column":0},"end":{"line":18,"column":50}},"11":{"start":{"line":21,"column":23},"end":{"line":21,"column":67}},"12":{"start":{"line":24,"column":0},"end":{"line":24,"column":33}}},"fnMap":{},"branchMap":{},"s":{"0":1,"1":1,"2":1,"3":1,"4":1,"5":1,"6":1,"7":1,"8":1,"9":1,"10":1,"11":1,"12":1},"f":{},"b":{}}
,"/Users/devcreative/Desktop/repo/gitlab/didi-repo/mouro/src/handlers/graphql.ts": {"path":"/Users/devcreative/Desktop/repo/gitlab/didi-repo/mouro/src/handlers/graphql.ts","statementMap":{"0":{"start":{"line":1,"column":8},"end":{"line":1,"column":20}},"1":{"start":{"line":6,"column":0},"end":{"line":6,"column":13}},"2":{"start":{"line":11,"column":8},"end":{"line":11,"column":null}},"3":{"start":{"line":14,"column":4},"end":{"line":17,"column":null}},"4":{"start":{"line":15,"column":8},"end":{"line":15,"column":29}},"5":{"start":{"line":16,"column":8},"end":{"line":16,"column":21}},"6":{"start":{"line":19,"column":4},"end":{"line":43,"column":null}},"7":{"start":{"line":20,"column":23},"end":{"line":20,"column":49}},"8":{"start":{"line":21,"column":23},"end":{"line":35,"column":10}},"9":{"start":{"line":24,"column":28},"end":{"line":24,"column":35}},"10":{"start":{"line":25,"column":30},"end":{"line":25,"column":39}},"11":{"start":{"line":26,"column":16},"end":{"line":31,"column":19}},"12":{"start":{"line":37,"column":8},"end":{"line":42,"column":11}},"13":{"start":{"line":45,"column":0},"end":{"line":45,"column":null}},"14":{"start":{"line":6,"column":13},"end":{"line":6,"column":27}}},"fnMap":{"0":{"name":"(anonymous_0)","decl":{"start":{"line":6,"column":0},"end":{"line":6,"column":13}},"loc":{"start":{"line":6,"column":0},"end":{"line":45,"column":null}}},"1":{"name":"GraphQLHandler","decl":{"start":{"line":10,"column":4},"end":{"line":10,"column":17}},"loc":{"start":{"line":10,"column":37},"end":{"line":12,"column":5}}},"2":{"name":"(anonymous_2)","decl":{"start":{"line":14,"column":4},"end":{"line":14,"column":15}},"loc":{"start":{"line":14,"column":26},"end":{"line":17,"column":5}}},"3":{"name":"(anonymous_3)","decl":{"start":{"line":19,"column":4},"end":{"line":19,"column":14}},"loc":{"start":{"line":19,"column":4},"end":{"line":43,"column":5}}},"4":{"name":"(anonymous_4)","decl":{"start":{"line":23,"column":21},"end":{"line":23,"column":22}},"loc":{"start":{"line":23,"column":41},"end":{"line":32,"column":13}}}},"branchMap":{},"s":{"0":2,"1":2,"2":2,"3":2,"4":1,"5":1,"6":2,"7":1,"8":1,"9":1,"10":1,"11":1,"12":1,"13":2,"14":2},"f":{"0":2,"1":2,"2":1,"3":1,"4":1},"b":{}}
,"/Users/devcreative/Desktop/repo/gitlab/didi-repo/mouro/src/lib/authMgr.ts": {"path":"/Users/devcreative/Desktop/repo/gitlab/didi-repo/mouro/src/lib/authMgr.ts","statementMap":{"0":{"start":{"line":1,"column":15},"end":{"line":1,"column":33}},"1":{"start":{"line":23,"column":0},"end":{"line":23,"column":13}},"2":{"start":{"line":26,"column":8},"end":{"line":26,"column":null}},"3":{"start":{"line":29,"column":10},"end":{"line":33,"column":null}},"4":{"start":{"line":30,"column":8},"end":{"line":30,"column":null}},"5":{"start":{"line":30,"column":24},"end":{"line":30,"column":null}},"6":{"start":{"line":31,"column":30},"end":{"line":31,"column":null}},"7":{"start":{"line":31,"column":14},"end":{"line":31,"column":null}},"8":{"start":{"line":32,"column":8},"end":{"line":32,"column":29}},"9":{"start":{"line":35,"column":9},"end":{"line":47,"column":null}},"10":{"start":{"line":36,"column":8},"end":{"line":36,"column":41}},"11":{"start":{"line":37,"column":4},"end":{"line":37,"column":62}},"12":{"start":{"line":37,"column":29},"end":{"line":37,"column":62}},"13":{"start":{"line":38,"column":4},"end":{"line":38,"column":41}},"14":{"start":{"line":38,"column":29},"end":{"line":38,"column":41}},"15":{"start":{"line":40,"column":10},"end":{"line":40,"column":38}},"16":{"start":{"line":41,"column":4},"end":{"line":41,"column":83}},"17":{"start":{"line":41,"column":28},"end":{"line":41,"column":83}},"18":{"start":{"line":42,"column":10},"end":{"line":42,"column":28}},"19":{"start":{"line":43,"column":4},"end":{"line":43,"column":84}},"20":{"start":{"line":43,"column":29},"end":{"line":43,"column":84}},"21":{"start":{"line":45,"column":11},"end":{"line":45,"column":39}},"22":{"start":{"line":45,"column":4},"end":{"line":45,"column":39}},"23":{"start":{"line":50,"column":9},"end":{"line":94,"column":null}},"24":{"start":{"line":54,"column":20},"end":{"line":54,"column":null}},"25":{"start":{"line":54,"column":10},"end":{"line":54,"column":null}},"26":{"start":{"line":55,"column":4},"end":{"line":55,"column":36}},"27":{"start":{"line":55,"column":24},"end":{"line":55,"column":36}},"28":{"start":{"line":57,"column":8},"end":{"line":59,"column":null}},"29":{"start":{"line":61,"column":7},"end":{"line":61,"column":16}},"30":{"start":{"line":62,"column":12},"end":{"line":62,"column":59}},"31":{"start":{"line":63,"column":12},"end":{"line":63,"column":49}},"32":{"start":{"line":64,"column":12},"end":{"line":64,"column":51}},"33":{"start":{"line":65,"column":16},"end":{"line":65,"column":20}},"34":{"start":{"line":65,"column":20},"end":{"line":65,"column":36}},"35":{"start":{"line":65,"column":35},"end":{"line":65,"column":36}},"36":{"start":{"line":66,"column":18},"end":{"line":66,"column":39}},"37":{"start":{"line":70,"column":28},"end":{"line":70,"column":null}},"38":{"start":{"line":70,"column":22},"end":{"line":70,"column":null}},"39":{"start":{"line":73,"column":16},"end":{"line":83,"column":null}},"40":{"start":{"line":74,"column":26},"end":{"line":77,"column":null}},"41":{"start":{"line":79,"column":20},"end":{"line":82,"column":null}},"42":{"start":{"line":80,"column":38},"end":{"line":80,"column":64}},"43":{"start":{"line":80,"column":64},"end":{"line":80,"column":70}},"44":{"start":{"line":81,"column":40},"end":{"line":81,"column":68}},"45":{"start":{"line":81,"column":68},"end":{"line":81,"column":74}},"46":{"start":{"line":85,"column":25},"end":{"line":85,"column":null}},"47":{"start":{"line":65,"column":36},"end":{"line":65,"column":null}},"48":{"start":{"line":88,"column":8},"end":{"line":88,"column":60}},"49":{"start":{"line":88,"column":31},"end":{"line":88,"column":60}},"50":{"start":{"line":89,"column":8},"end":{"line":89,"column":66}},"51":{"start":{"line":89,"column":33},"end":{"line":89,"column":66}},"52":{"start":{"line":93,"column":4},"end":{"line":93,"column":20}},"53":{"start":{"line":96,"column":0},"end":{"line":96,"column":null}},"54":{"start":{"line":23,"column":13},"end":{"line":23,"column":20}}},"fnMap":{"0":{"name":"(anonymous_14)","decl":{"start":{"line":23,"column":0},"end":{"line":23,"column":13}},"loc":{"start":{"line":23,"column":0},"end":{"line":96,"column":null}}},"1":{"name":"AuthMgr","decl":{"start":{"line":25,"column":4},"end":{"line":25,"column":null}},"loc":{"start":{"line":25,"column":4},"end":{"line":27,"column":5}}},"2":{"name":"(anonymous_16)","decl":{"start":{"line":29,"column":4},"end":{"line":29,"column":10}},"loc":{"start":{"line":29,"column":34},"end":{"line":33,"column":null}}},"3":{"name":"(anonymous_19)","decl":{"start":{"line":35,"column":3},"end":{"line":35,"column":9}},"loc":{"start":{"line":35,"column":55},"end":{"line":47,"column":null}}},"4":{"name":"(anonymous_22)","decl":{"start":{"line":50,"column":3},"end":{"line":50,"column":9}},"loc":{"start":{"line":50,"column":41},"end":{"line":94,"column":null}}}},"branchMap":{"0":{"loc":{"start":{"line":30,"column":8},"end":{"line":30,"column":null}},"type":"if","locations":[{"start":{"line":30,"column":8},"end":{"line":30,"column":null}},{"start":{"line":30,"column":8},"end":{"line":30,"column":null}}]},"1":{"loc":{"start":{"line":45,"column":4},"end":{"line":45,"column":39}},"type":"switch","locations":[{"start":{"line":45,"column":4},"end":{"line":45,"column":39}}]},"2":{"loc":{"start":{"line":37,"column":4},"end":{"line":37,"column":62}},"type":"if","locations":[{"start":{"line":37,"column":4},"end":{"line":37,"column":62}},{"start":{"line":37,"column":4},"end":{"line":37,"column":62}}]},"3":{"loc":{"start":{"line":38,"column":4},"end":{"line":38,"column":41}},"type":"if","locations":[{"start":{"line":38,"column":4},"end":{"line":38,"column":41}},{"start":{"line":38,"column":4},"end":{"line":38,"column":41}}]},"4":{"loc":{"start":{"line":41,"column":4},"end":{"line":41,"column":83}},"type":"if","locations":[{"start":{"line":41,"column":4},"end":{"line":41,"column":83}},{"start":{"line":41,"column":4},"end":{"line":41,"column":83}}]},"5":{"loc":{"start":{"line":43,"column":4},"end":{"line":43,"column":84}},"type":"if","locations":[{"start":{"line":43,"column":4},"end":{"line":43,"column":84}},{"start":{"line":43,"column":4},"end":{"line":43,"column":84}}]},"6":{"loc":{"start":{"line":54,"column":20},"end":{"line":54,"column":null}},"type":"switch","locations":[{"start":{"line":54,"column":20},"end":{"line":54,"column":null}}]},"7":{"loc":{"start":{"line":55,"column":4},"end":{"line":55,"column":36}},"type":"if","locations":[{"start":{"line":55,"column":4},"end":{"line":55,"column":36}},{"start":{"line":55,"column":4},"end":{"line":55,"column":36}}]},"8":{"loc":{"start":{"line":61,"column":7},"end":{"line":61,"column":16}},"type":"if","locations":[{"start":{"line":61,"column":7},"end":{"line":61,"column":16}},{"start":{"line":61,"column":7},"end":{"line":61,"column":16}}]},"9":{"loc":{"start":{"line":61,"column":7},"end":{"line":61,"column":30}},"type":"binary-expr","locations":[{"start":{"line":61,"column":7},"end":{"line":61,"column":30}},{"start":{"line":61,"column":34},"end":{"line":61,"column":64}}]},"10":{"loc":{"start":{"line":65,"column":20},"end":{"line":65,"column":36}},"type":"if","locations":[{"start":{"line":65,"column":20},"end":{"line":65,"column":36}},{"start":{"line":65,"column":20},"end":{"line":65,"column":36}}]},"11":{"loc":{"start":{"line":73,"column":16},"end":{"line":83,"column":null}},"type":"if","locations":[{"start":{"line":73,"column":16},"end":{"line":83,"column":null}},{"start":{"line":73,"column":16},"end":{"line":83,"column":null}}]},"12":{"loc":{"start":{"line":80,"column":24},"end":{"line":80,"column":70}},"type":"switch","locations":[{"start":{"line":80,"column":24},"end":{"line":80,"column":70}},{"start":{"line":81,"column":24},"end":{"line":81,"column":74}}]},"13":{"loc":{"start":{"line":88,"column":8},"end":{"line":88,"column":60}},"type":"if","locations":[{"start":{"line":88,"column":8},"end":{"line":88,"column":60}},{"start":{"line":88,"column":8},"end":{"line":88,"column":60}}]},"14":{"loc":{"start":{"line":89,"column":8},"end":{"line":89,"column":66}},"type":"if","locations":[{"start":{"line":89,"column":8},"end":{"line":89,"column":66}},{"start":{"line":89,"column":8},"end":{"line":89,"column":66}}]}},"s":{"0":5,"1":5,"2":3,"3":5,"4":16,"5":1,"6":15,"7":11,"8":11,"9":5,"10":13,"11":13,"12":2,"13":13,"14":2,"15":11,"16":11,"17":1,"18":10,"19":10,"20":1,"21":9,"22":9,"23":5,"24":9,"25":9,"26":8,"27":1,"28":7,"29":9,"30":5,"31":5,"32":5,"33":5,"34":9,"35":5,"36":4,"37":4,"38":4,"39":3,"40":2,"41":2,"42":1,"43":1,"44":1,"45":1,"46":1,"47":4,"48":5,"49":1,"50":5,"51":1,"52":7,"53":5,"54":5},"f":{"0":5,"1":3,"2":16,"3":13,"4":9},"b":{"0":[1,15],"1":[9],"2":[2,11],"3":[2,11],"4":[1,10],"5":[1,9],"6":[9],"7":[1,7],"8":[2,5],"9":[7,6],"10":[5,4],"11":[2,1],"12":[1,1],"13":[1,4],"14":[1,4]}}
,"/Users/devcreative/Desktop/repo/gitlab/didi-repo/mouro/src/lib/edgeResolverMgr.ts": {"path":"/Users/devcreative/Desktop/repo/gitlab/didi-repo/mouro/src/lib/edgeResolverMgr.ts","statementMap":{"0":{"start":{"line":1,"column":15},"end":{"line":1,"column":33}},"1":{"start":{"line":2,"column":14},"end":{"line":2,"column":32}},"2":{"start":{"line":6,"column":0},"end":{"line":6,"column":13}},"3":{"start":{"line":11,"column":8},"end":{"line":11,"column":null}},"4":{"start":{"line":14,"column":10},"end":{"line":52,"column":null}},"5":{"start":{"line":15,"column":8},"end":{"line":15,"column":40}},"6":{"start":{"line":18,"column":14},"end":{"line":18,"column":null}},"7":{"start":{"line":19,"column":8},"end":{"line":19,"column":34}},"8":{"start":{"line":23,"column":8},"end":{"line":23,"column":null}},"9":{"start":{"line":24,"column":28},"end":{"line":24,"column":null}},"10":{"start":{"line":24,"column":14},"end":{"line":24,"column":null}},"11":{"start":{"line":25,"column":8},"end":{"line":25,"column":33}},"12":{"start":{"line":27,"column":14},"end":{"line":27,"column":37}},"13":{"start":{"line":29,"column":14},"end":{"line":40,"column":null}},"14":{"start":{"line":41,"column":8},"end":{"line":41,"column":null}},"15":{"start":{"line":42,"column":8},"end":{"line":42,"column":32}},"16":{"start":{"line":45,"column":8},"end":{"line":45,"column":50}},"17":{"start":{"line":48,"column":12},"end":{"line":48,"column":31}},"18":{"start":{"line":49,"column":8},"end":{"line":49,"column":null}},"19":{"start":{"line":50,"column":8},"end":{"line":50,"column":null}},"20":{"start":{"line":51,"column":8},"end":{"line":51,"column":19}},"21":{"start":{"line":54,"column":4},"end":{"line":65,"column":null}},"22":{"start":{"line":56,"column":22},"end":{"line":56,"column":28}},"23":{"start":{"line":57,"column":8},"end":{"line":57,"column":44}},"24":{"start":{"line":57,"column":29},"end":{"line":57,"column":44}},"25":{"start":{"line":59,"column":8},"end":{"line":59,"column":48}},"26":{"start":{"line":59,"column":36},"end":{"line":59,"column":48}},"27":{"start":{"line":60,"column":8},"end":{"line":60,"column":52}},"28":{"start":{"line":60,"column":38},"end":{"line":60,"column":52}},"29":{"start":{"line":61,"column":8},"end":{"line":61,"column":50}},"30":{"start":{"line":61,"column":37},"end":{"line":61,"column":50}},"31":{"start":{"line":63,"column":8},"end":{"line":63,"column":23}},"32":{"start":{"line":66,"column":0},"end":{"line":66,"column":null}},"33":{"start":{"line":6,"column":13},"end":{"line":6,"column":28}}},"fnMap":{"0":{"name":"(anonymous_12)","decl":{"start":{"line":6,"column":0},"end":{"line":6,"column":13}},"loc":{"start":{"line":6,"column":0},"end":{"line":66,"column":null}}},"1":{"name":"EdgeResolverMgr","decl":{"start":{"line":10,"column":4},"end":{"line":10,"column":16}},"loc":{"start":{"line":10,"column":38},"end":{"line":12,"column":5}}},"2":{"name":"(anonymous_14)","decl":{"start":{"line":14,"column":4},"end":{"line":14,"column":10}},"loc":{"start":{"line":14,"column":33},"end":{"line":52,"column":null}}},"3":{"name":"(anonymous_17)","decl":{"start":{"line":54,"column":4},"end":{"line":54,"column":19}},"loc":{"start":{"line":54,"column":30},"end":{"line":65,"column":5}}}},"branchMap":{"0":{"loc":{"start":{"line":57,"column":8},"end":{"line":57,"column":44}},"type":"if","locations":[{"start":{"line":57,"column":8},"end":{"line":57,"column":44}},{"start":{"line":57,"column":8},"end":{"line":57,"column":44}}]},"1":{"loc":{"start":{"line":59,"column":8},"end":{"line":59,"column":48}},"type":"if","locations":[{"start":{"line":59,"column":8},"end":{"line":59,"column":48}},{"start":{"line":59,"column":8},"end":{"line":59,"column":48}}]},"2":{"loc":{"start":{"line":60,"column":8},"end":{"line":60,"column":52}},"type":"if","locations":[{"start":{"line":60,"column":8},"end":{"line":60,"column":52}},{"start":{"line":60,"column":8},"end":{"line":60,"column":52}}]},"3":{"loc":{"start":{"line":61,"column":8},"end":{"line":61,"column":50}},"type":"if","locations":[{"start":{"line":61,"column":8},"end":{"line":61,"column":50}},{"start":{"line":61,"column":8},"end":{"line":61,"column":50}}]}},"s":{"0":4,"1":4,"2":4,"3":2,"4":4,"5":2,"6":2,"7":2,"8":2,"9":2,"10":1,"11":1,"12":1,"13":1,"14":1,"15":1,"16":2,"17":1,"18":1,"19":1,"20":1,"21":4,"22":5,"23":5,"24":1,"25":4,"26":1,"27":3,"28":1,"29":2,"30":1,"31":1,"32":4,"33":4},"f":{"0":4,"1":2,"2":2,"3":5},"b":{"0":[1,4],"1":[1,3],"2":[1,2],"3":[1,1]}}
,"/Users/devcreative/Desktop/repo/gitlab/didi-repo/mouro/src/lib/pgMgr.ts": {"path":"/Users/devcreative/Desktop/repo/gitlab/didi-repo/mouro/src/lib/pgMgr.ts","statementMap":{"0":{"start":{"line":3,"column":8},"end":{"line":3,"column":14}},"1":{"start":{"line":4,"column":12},"end":{"line":4,"column":42}},"2":{"start":{"line":6,"column":0},"end":{"line":190,"column":null}},"3":{"start":{"line":9,"column":4},"end":{"line":9,"column":null}},"4":{"start":{"line":12,"column":2},"end":{"line":16,"column":null}},"5":{"start":{"line":13,"column":4},"end":{"line":15,"column":null}},"6":{"start":{"line":18,"column":8},"end":{"line":46,"column":null}},"7":{"start":{"line":19,"column":10},"end":{"line":35,"column":null}},"8":{"start":{"line":36,"column":10},"end":{"line":36,"column":37}},"9":{"start":{"line":38,"column":6},"end":{"line":38,"column":null}},"10":{"start":{"line":39,"column":18},"end":{"line":39,"column":null}},"11":{"start":{"line":39,"column":12},"end":{"line":39,"column":null}},"12":{"start":{"line":40,"column":6},"end":{"line":40,"column":17}},"13":{"start":{"line":42,"column":6},"end":{"line":42,"column":16}},"14":{"start":{"line":44,"column":6},"end":{"line":44,"column":null}},"15":{"start":{"line":48,"column":8},"end":{"line":90,"column":null}},"16":{"start":{"line":50,"column":10},"end":{"line":68,"column":null}},"17":{"start":{"line":69,"column":10},"end":{"line":69,"column":37}},"18":{"start":{"line":71,"column":6},"end":{"line":71,"column":null}},"19":{"start":{"line":72,"column":18},"end":{"line":83,"column":null}},"20":{"start":{"line":72,"column":12},"end":{"line":83,"column":null}},"21":{"start":{"line":84,"column":6},"end":{"line":84,"column":17}},"22":{"start":{"line":86,"column":6},"end":{"line":86,"column":16}},"23":{"start":{"line":88,"column":6},"end":{"line":88,"column":null}},"24":{"start":{"line":92,"column":8},"end":{"line":111,"column":null}},"25":{"start":{"line":93,"column":8},"end":{"line":93,"column":40}},"26":{"start":{"line":96,"column":4},"end":{"line":96,"column":null}},"27":{"start":{"line":98,"column":10},"end":{"line":98,"column":69}},"28":{"start":{"line":99,"column":4},"end":{"line":99,"column":19}},"29":{"start":{"line":101,"column":10},"end":{"line":101,"column":37}},"30":{"start":{"line":103,"column":6},"end":{"line":103,"column":null}},"31":{"start":{"line":104,"column":18},"end":{"line":104,"column":null}},"32":{"start":{"line":104,"column":12},"end":{"line":104,"column":null}},"33":{"start":{"line":105,"column":6},"end":{"line":105,"column":25}},"34":{"start":{"line":107,"column":6},"end":{"line":107,"column":16}},"35":{"start":{"line":109,"column":6},"end":{"line":109,"column":null}},"36":{"start":{"line":113,"column":8},"end":{"line":142,"column":null}},"37":{"start":{"line":115,"column":8},"end":{"line":115,"column":17}},"38":{"start":{"line":117,"column":4},"end":{"line":117,"column":null}},"39":{"start":{"line":117,"column":21},"end":{"line":117,"column":null}},"40":{"start":{"line":118,"column":4},"end":{"line":118,"column":null}},"41":{"start":{"line":118,"column":21},"end":{"line":118,"column":null}},"42":{"start":{"line":119,"column":4},"end":{"line":119,"column":null}},"43":{"start":{"line":119,"column":19},"end":{"line":119,"column":null}},"44":{"start":{"line":120,"column":4},"end":{"line":120,"column":null}},"45":{"start":{"line":120,"column":19},"end":{"line":120,"column":null}},"46":{"start":{"line":121,"column":4},"end":{"line":121,"column":null}},"47":{"start":{"line":121,"column":19},"end":{"line":121,"column":null}},"48":{"start":{"line":124,"column":4},"end":{"line":124,"column":null}},"49":{"start":{"line":126,"column":10},"end":{"line":129,"column":18}},"50":{"start":{"line":130,"column":4},"end":{"line":130,"column":19}},"51":{"start":{"line":132,"column":10},"end":{"line":132,"column":37}},"52":{"start":{"line":134,"column":6},"end":{"line":134,"column":null}},"53":{"start":{"line":135,"column":18},"end":{"line":135,"column":null}},"54":{"start":{"line":135,"column":12},"end":{"line":135,"column":null}},"55":{"start":{"line":136,"column":6},"end":{"line":136,"column":22}},"56":{"start":{"line":138,"column":6},"end":{"line":138,"column":16}},"57":{"start":{"line":140,"column":6},"end":{"line":140,"column":null}},"58":{"start":{"line":145,"column":2},"end":{"line":188,"column":null}},"59":{"start":{"line":149,"column":12},"end":{"line":149,"column":38}},"60":{"start":{"line":150,"column":12},"end":{"line":150,"column":15}},"61":{"start":{"line":152,"column":4},"end":{"line":169,"column":null}},"62":{"start":{"line":154,"column":14},"end":{"line":156,"column":null}},"63":{"start":{"line":160,"column":15},"end":{"line":165,"column":null}},"64":{"start":{"line":168,"column":6},"end":{"line":168,"column":31}},"65":{"start":{"line":171,"column":14},"end":{"line":171,"column":16}},"66":{"start":{"line":173,"column":4},"end":{"line":186,"column":null}},"67":{"start":{"line":174,"column":8},"end":{"line":185,"column":null}},"68":{"start":{"line":174,"column":18},"end":{"line":174,"column":19}},"69":{"start":{"line":175,"column":47},"end":{"line":175,"column":68}},"70":{"start":{"line":178,"column":12},"end":{"line":184,"column":null}},"71":{"start":{"line":179,"column":32},"end":{"line":181,"column":null}},"72":{"start":{"line":183,"column":16},"end":{"line":183,"column":null}},"73":{"start":{"line":187,"column":4},"end":{"line":187,"column":29}},"74":{"start":{"line":190,"column":0},"end":{"line":190,"column":null}}},"fnMap":{"0":{"name":"(anonymous_12)","decl":{"start":{"line":6,"column":14},"end":{"line":6,"column":17}},"loc":{"start":{"line":6,"column":14},"end":{"line":190,"column":null}}},"1":{"name":"PgMgr","decl":{"start":{"line":8,"column":2},"end":{"line":8,"column":null}},"loc":{"start":{"line":8,"column":2},"end":{"line":10,"column":3}}},"2":{"name":"(anonymous_14)","decl":{"start":{"line":12,"column":2},"end":{"line":12,"column":12}},"loc":{"start":{"line":12,"column":2},"end":{"line":16,"column":3}}},"3":{"name":"(anonymous_15)","decl":{"start":{"line":18,"column":2},"end":{"line":18,"column":8}},"loc":{"start":{"line":18,"column":2},"end":{"line":46,"column":null}}},"4":{"name":"(anonymous_18)","decl":{"start":{"line":48,"column":2},"end":{"line":48,"column":8}},"loc":{"start":{"line":48,"column":39},"end":{"line":90,"column":null}}},"5":{"name":"(anonymous_21)","decl":{"start":{"line":92,"column":2},"end":{"line":92,"column":8}},"loc":{"start":{"line":92,"column":59},"end":{"line":111,"column":null}}},"6":{"name":"(anonymous_24)","decl":{"start":{"line":113,"column":2},"end":{"line":113,"column":8}},"loc":{"start":{"line":113,"column":58},"end":{"line":142,"column":null}}},"7":{"name":"(anonymous_27)","decl":{"start":{"line":145,"column":2},"end":{"line":145,"column":20}},"loc":{"start":{"line":145,"column":50},"end":{"line":188,"column":3}}}},"branchMap":{"0":{"loc":{"start":{"line":44,"column":6},"end":{"line":44,"column":null}},"type":"switch","locations":[{"start":{"line":44,"column":6},"end":{"line":44,"column":null}}]},"1":{"loc":{"start":{"line":88,"column":6},"end":{"line":88,"column":null}},"type":"switch","locations":[{"start":{"line":88,"column":6},"end":{"line":88,"column":null}}]},"2":{"loc":{"start":{"line":109,"column":6},"end":{"line":109,"column":null}},"type":"switch","locations":[{"start":{"line":109,"column":6},"end":{"line":109,"column":null}}]},"3":{"loc":{"start":{"line":140,"column":6},"end":{"line":140,"column":null}},"type":"switch","locations":[{"start":{"line":140,"column":6},"end":{"line":140,"column":null}}]},"4":{"loc":{"start":{"line":117,"column":4},"end":{"line":117,"column":null}},"type":"if","locations":[{"start":{"line":117,"column":4},"end":{"line":117,"column":null}},{"start":{"line":117,"column":4},"end":{"line":117,"column":null}}]},"5":{"loc":{"start":{"line":118,"column":4},"end":{"line":118,"column":null}},"type":"if","locations":[{"start":{"line":118,"column":4},"end":{"line":118,"column":null}},{"start":{"line":118,"column":4},"end":{"line":118,"column":null}}]},"6":{"loc":{"start":{"line":119,"column":4},"end":{"line":119,"column":null}},"type":"if","locations":[{"start":{"line":119,"column":4},"end":{"line":119,"column":null}},{"start":{"line":119,"column":4},"end":{"line":119,"column":null}}]},"7":{"loc":{"start":{"line":120,"column":4},"end":{"line":120,"column":null}},"type":"if","locations":[{"start":{"line":120,"column":4},"end":{"line":120,"column":null}},{"start":{"line":120,"column":4},"end":{"line":120,"column":null}}]},"8":{"loc":{"start":{"line":121,"column":4},"end":{"line":121,"column":null}},"type":"if","locations":[{"start":{"line":121,"column":4},"end":{"line":121,"column":null}},{"start":{"line":121,"column":4},"end":{"line":121,"column":null}}]},"9":{"loc":{"start":{"line":152,"column":4},"end":{"line":169,"column":null}},"type":"if","locations":[{"start":{"line":152,"column":4},"end":{"line":169,"column":null}},{"start":{"line":152,"column":4},"end":{"line":169,"column":null}}]},"10":{"loc":{"start":{"line":173,"column":4},"end":{"line":186,"column":null}},"type":"if","locations":[{"start":{"line":173,"column":4},"end":{"line":186,"column":null}},{"start":{"line":173,"column":4},"end":{"line":186,"column":null}}]},"11":{"loc":{"start":{"line":173,"column":7},"end":{"line":173,"column":22}},"type":"binary-expr","locations":[{"start":{"line":173,"column":7},"end":{"line":173,"column":22}},{"start":{"line":173,"column":26},"end":{"line":173,"column":44}}]},"12":{"loc":{"start":{"line":178,"column":12},"end":{"line":184,"column":null}},"type":"if","locations":[{"start":{"line":178,"column":12},"end":{"line":184,"column":null}},{"start":{"line":178,"column":12},"end":{"line":184,"column":null}}]}},"s":{"0":3,"1":3,"2":3,"3":1,"4":3,"5":14,"6":3,"7":2,"8":2,"9":4,"10":2,"11":1,"12":1,"13":1,"14":4,"15":3,"16":2,"17":2,"18":4,"19":2,"20":1,"21":1,"22":1,"23":4,"24":3,"25":4,"26":4,"27":4,"28":4,"29":4,"30":8,"31":4,"32":3,"33":3,"34":1,"35":8,"36":3,"37":6,"38":6,"39":1,"40":6,"41":1,"42":6,"43":1,"44":6,"45":1,"46":6,"47":1,"48":6,"49":6,"50":6,"51":6,"52":12,"53":6,"54":5,"55":5,"56":1,"57":12,"58":3,"59":10,"60":10,"61":10,"62":9,"63":9,"64":9,"65":10,"66":10,"67":2,"68":2,"69":2,"70":2,"71":1,"72":1,"73":10,"74":3},"f":{"0":3,"1":1,"2":14,"3":2,"4":2,"5":4,"6":6,"7":10},"b":{"0":[2],"1":[2],"2":[4],"3":[6],"4":[1,5],"5":[1,5],"6":[1,5],"7":[1,5],"8":[1,5],"9":[9,1],"10":[2,8],"11":[10,9],"12":[1,1]}}
,"/Users/devcreative/Desktop/repo/gitlab/didi-repo/mouro/src/lib/queryResolverMgr.ts": {"path":"/Users/devcreative/Desktop/repo/gitlab/didi-repo/mouro/src/lib/queryResolverMgr.ts","statementMap":{"0":{"start":{"line":5,"column":0},"end":{"line":5,"column":13}},"1":{"start":{"line":11,"column":8},"end":{"line":11,"column":null}},"2":{"start":{"line":12,"column":8},"end":{"line":12,"column":null}},"3":{"start":{"line":15,"column":10},"end":{"line":22,"column":null}},"4":{"start":{"line":16,"column":24},"end":{"line":16,"column":null}},"5":{"start":{"line":16,"column":14},"end":{"line":16,"column":null}},"6":{"start":{"line":17,"column":8},"end":{"line":17,"column":38}},"7":{"start":{"line":17,"column":28},"end":{"line":17,"column":38}},"8":{"start":{"line":19,"column":8},"end":{"line":21,"column":null}},"9":{"start":{"line":24,"column":10},"end":{"line":36,"column":null}},"10":{"start":{"line":26,"column":23},"end":{"line":26,"column":null}},"11":{"start":{"line":26,"column":14},"end":{"line":26,"column":null}},"12":{"start":{"line":28,"column":17},"end":{"line":28,"column":null}},"13":{"start":{"line":28,"column":12},"end":{"line":28,"column":null}},"14":{"start":{"line":29,"column":8},"end":{"line":29,"column":30}},"15":{"start":{"line":29,"column":18},"end":{"line":29,"column":30}},"16":{"start":{"line":32,"column":8},"end":{"line":32,"column":null}},"17":{"start":{"line":33,"column":8},"end":{"line":33,"column":null}},"18":{"start":{"line":34,"column":8},"end":{"line":34,"column":null}},"19":{"start":{"line":35,"column":8},"end":{"line":35,"column":20}},"20":{"start":{"line":38,"column":10},"end":{"line":54,"column":null}},"21":{"start":{"line":39,"column":23},"end":{"line":39,"column":null}},"22":{"start":{"line":39,"column":14},"end":{"line":39,"column":null}},"23":{"start":{"line":41,"column":18},"end":{"line":41,"column":null}},"24":{"start":{"line":41,"column":12},"end":{"line":41,"column":null}},"25":{"start":{"line":43,"column":8},"end":{"line":50,"column":null}},"26":{"start":{"line":44,"column":16},"end":{"line":44,"column":30}},"27":{"start":{"line":46,"column":12},"end":{"line":46,"column":null}},"28":{"start":{"line":47,"column":12},"end":{"line":47,"column":null}},"29":{"start":{"line":48,"column":12},"end":{"line":48,"column":null}},"30":{"start":{"line":49,"column":12},"end":{"line":49,"column":26}},"31":{"start":{"line":53,"column":8},"end":{"line":53,"column":21}},"32":{"start":{"line":55,"column":0},"end":{"line":55,"column":null}},"33":{"start":{"line":5,"column":13},"end":{"line":5,"column":29}}},"fnMap":{"0":{"name":"(anonymous_12)","decl":{"start":{"line":5,"column":0},"end":{"line":5,"column":13}},"loc":{"start":{"line":5,"column":0},"end":{"line":55,"column":null}}},"1":{"name":"QueryResolverMgr","decl":{"start":{"line":10,"column":4},"end":{"line":10,"column":16}},"loc":{"start":{"line":10,"column":55},"end":{"line":13,"column":5}}},"2":{"name":"(anonymous_14)","decl":{"start":{"line":15,"column":4},"end":{"line":15,"column":10}},"loc":{"start":{"line":15,"column":33},"end":{"line":22,"column":null}}},"3":{"name":"(anonymous_17)","decl":{"start":{"line":24,"column":4},"end":{"line":24,"column":10}},"loc":{"start":{"line":24,"column":55},"end":{"line":36,"column":null}}},"4":{"name":"(anonymous_20)","decl":{"start":{"line":38,"column":4},"end":{"line":38,"column":10}},"loc":{"start":{"line":38,"column":51},"end":{"line":54,"column":null}}}},"branchMap":{"0":{"loc":{"start":{"line":16,"column":24},"end":{"line":16,"column":null}},"type":"switch","locations":[{"start":{"line":16,"column":24},"end":{"line":16,"column":null}}]},"1":{"loc":{"start":{"line":17,"column":8},"end":{"line":17,"column":38}},"type":"if","locations":[{"start":{"line":17,"column":8},"end":{"line":17,"column":38}},{"start":{"line":17,"column":8},"end":{"line":17,"column":38}}]},"2":{"loc":{"start":{"line":26,"column":23},"end":{"line":26,"column":null}},"type":"switch","locations":[{"start":{"line":26,"column":23},"end":{"line":26,"column":null}}]},"3":{"loc":{"start":{"line":29,"column":8},"end":{"line":29,"column":30}},"type":"if","locations":[{"start":{"line":29,"column":8},"end":{"line":29,"column":30}},{"start":{"line":29,"column":8},"end":{"line":29,"column":30}}]},"4":{"loc":{"start":{"line":39,"column":23},"end":{"line":39,"column":null}},"type":"switch","locations":[{"start":{"line":39,"column":23},"end":{"line":39,"column":null}}]}},"s":{"0":4,"1":2,"2":2,"3":4,"4":3,"5":2,"6":2,"7":1,"8":1,"9":4,"10":4,"11":3,"12":3,"13":2,"14":2,"15":1,"16":1,"17":1,"18":1,"19":1,"20":4,"21":3,"22":2,"23":2,"24":1,"25":1,"26":1,"27":1,"28":1,"29":1,"30":1,"31":1,"32":4,"33":4},"f":{"0":4,"1":2,"2":3,"3":4,"4":3},"b":{"0":[3],"1":[1,1],"2":[4],"3":[1,1],"4":[3]}}
,"/Users/devcreative/Desktop/repo/gitlab/didi-repo/mouro/src/lib/schemaMgr.ts": {"path":"/Users/devcreative/Desktop/repo/gitlab/didi-repo/mouro/src/lib/schemaMgr.ts","statementMap":{"0":{"start":{"line":1,"column":29},"end":{"line":1,"column":74}},"1":{"start":{"line":2,"column":0},"end":{"line":2,"column":33}},"2":{"start":{"line":6,"column":0},"end":{"line":6,"column":13}},"3":{"start":{"line":12,"column":8},"end":{"line":12,"column":null}},"4":{"start":{"line":13,"column":8},"end":{"line":13,"column":null}},"5":{"start":{"line":16,"column":4},"end":{"line":18,"column":null}},"6":{"start":{"line":17,"column":8},"end":{"line":17,"column":null}},"7":{"start":{"line":20,"column":4},"end":{"line":53,"column":null}},"8":{"start":{"line":20,"column":4},"end":{"line":20,"column":17}},"9":{"start":{"line":21,"column":8},"end":{"line":51,"column":10}},"10":{"start":{"line":24,"column":74},"end":{"line":27,"column":null}},"11":{"start":{"line":25,"column":30},"end":{"line":25,"column":null}},"12":{"start":{"line":25,"column":26},"end":{"line":25,"column":null}},"13":{"start":{"line":26,"column":20},"end":{"line":26,"column":null}},"14":{"start":{"line":29,"column":82},"end":{"line":32,"column":null}},"15":{"start":{"line":30,"column":30},"end":{"line":30,"column":null}},"16":{"start":{"line":30,"column":26},"end":{"line":30,"column":null}},"17":{"start":{"line":31,"column":20},"end":{"line":31,"column":null}},"18":{"start":{"line":34,"column":81},"end":{"line":37,"column":null}},"19":{"start":{"line":35,"column":30},"end":{"line":35,"column":null}},"20":{"start":{"line":35,"column":26},"end":{"line":35,"column":null}},"21":{"start":{"line":36,"column":20},"end":{"line":36,"column":null}},"22":{"start":{"line":40,"column":79},"end":{"line":43,"column":null}},"23":{"start":{"line":41,"column":30},"end":{"line":41,"column":null}},"24":{"start":{"line":41,"column":26},"end":{"line":41,"column":null}},"25":{"start":{"line":42,"column":20},"end":{"line":42,"column":null}},"26":{"start":{"line":55,"column":4},"end":{"line":62,"column":null}},"27":{"start":{"line":56,"column":23},"end":{"line":56,"column":42}},"28":{"start":{"line":57,"column":26},"end":{"line":57,"column":46}},"29":{"start":{"line":58,"column":8},"end":{"line":61,"column":11}},"30":{"start":{"line":64,"column":0},"end":{"line":64,"column":null}},"31":{"start":{"line":6,"column":13},"end":{"line":6,"column":22}}},"fnMap":{"0":{"name":"(anonymous_12)","decl":{"start":{"line":6,"column":0},"end":{"line":6,"column":13}},"loc":{"start":{"line":6,"column":0},"end":{"line":64,"column":null}}},"1":{"name":"SchemaMgr","decl":{"start":{"line":11,"column":4},"end":{"line":11,"column":16}},"loc":{"start":{"line":11,"column":84},"end":{"line":14,"column":5}}},"2":{"name":"(anonymous_14)","decl":{"start":{"line":16,"column":4},"end":{"line":16,"column":16}},"loc":{"start":{"line":16,"column":4},"end":{"line":18,"column":5}}},"3":{"name":"(anonymous_15)","decl":{"start":{"line":20,"column":4},"end":{"line":20,"column":17}},"loc":{"start":{"line":20,"column":4},"end":{"line":53,"column":5}}},"4":{"name":"(anonymous_16)","decl":{"start":{"line":24,"column":20},"end":{"line":24,"column":27}},"loc":{"start":{"line":24,"column":74},"end":{"line":27,"column":null}}},"5":{"name":"(anonymous_17)","decl":{"start":{"line":24,"column":74},"end":{"line":24,"column":null}},"loc":{"start":{"line":24,"column":74},"end":{"line":27,"column":null}}},"6":{"name":"(anonymous_19)","decl":{"start":{"line":29,"column":28},"end":{"line":29,"column":35}},"loc":{"start":{"line":29,"column":82},"end":{"line":32,"column":null}}},"7":{"name":"(anonymous_20)","decl":{"start":{"line":29,"column":82},"end":{"line":29,"column":null}},"loc":{"start":{"line":29,"column":82},"end":{"line":32,"column":null}}},"8":{"name":"(anonymous_22)","decl":{"start":{"line":34,"column":27},"end":{"line":34,"column":34}},"loc":{"start":{"line":34,"column":81},"end":{"line":37,"column":null}}},"9":{"name":"(anonymous_23)","decl":{"start":{"line":34,"column":81},"end":{"line":34,"column":null}},"loc":{"start":{"line":34,"column":81},"end":{"line":37,"column":null}}},"10":{"name":"(anonymous_25)","decl":{"start":{"line":40,"column":25},"end":{"line":40,"column":32}},"loc":{"start":{"line":40,"column":79},"end":{"line":43,"column":null}}},"11":{"name":"(anonymous_26)","decl":{"start":{"line":40,"column":79},"end":{"line":40,"column":null}},"loc":{"start":{"line":40,"column":79},"end":{"line":43,"column":null}}},"12":{"name":"(anonymous_28)","decl":{"start":{"line":55,"column":4},"end":{"line":55,"column":13}},"loc":{"start":{"line":55,"column":4},"end":{"line":62,"column":5}}}},"branchMap":{"0":{"loc":{"start":{"line":25,"column":30},"end":{"line":25,"column":null}},"type":"switch","locations":[{"start":{"line":25,"column":30},"end":{"line":25,"column":null}}]},"1":{"loc":{"start":{"line":30,"column":30},"end":{"line":30,"column":null}},"type":"switch","locations":[{"start":{"line":30,"column":30},"end":{"line":30,"column":null}}]},"2":{"loc":{"start":{"line":35,"column":30},"end":{"line":35,"column":null}},"type":"switch","locations":[{"start":{"line":35,"column":30},"end":{"line":35,"column":null}}]},"3":{"loc":{"start":{"line":41,"column":30},"end":{"line":41,"column":null}},"type":"switch","locations":[{"start":{"line":41,"column":30},"end":{"line":41,"column":null}}]}},"s":{"0":3,"1":3,"2":3,"3":2,"4":2,"5":3,"6":2,"7":3,"8":6,"9":6,"10":1,"11":1,"12":1,"13":1,"14":1,"15":1,"16":1,"17":1,"18":1,"19":1,"20":1,"21":1,"22":1,"23":1,"24":1,"25":1,"26":3,"27":2,"28":2,"29":2,"30":3,"31":3},"f":{"0":3,"1":2,"2":2,"3":6,"4":1,"5":1,"6":1,"7":1,"8":1,"9":1,"10":1,"11":1,"12":2},"b":{"0":[1],"1":[1],"2":[1],"3":[1]}}
,"/Users/devcreative/Desktop/repo/gitlab/didi-repo/mouro/src/lib/sqliteMgr.ts": {"path":"/Users/devcreative/Desktop/repo/gitlab/didi-repo/mouro/src/lib/sqliteMgr.ts","statementMap":{"0":{"start":{"line":3,"column":15},"end":{"line":3,"column":32}},"1":{"start":{"line":4,"column":12},"end":{"line":4,"column":40}},"2":{"start":{"line":6,"column":0},"end":{"line":180,"column":null}},"3":{"start":{"line":11,"column":4},"end":{"line":11,"column":null}},"4":{"start":{"line":14,"column":8},"end":{"line":19,"column":null}},"5":{"start":{"line":15,"column":7},"end":{"line":15,"column":8}},"6":{"start":{"line":16,"column":8},"end":{"line":16,"column":13}},"7":{"start":{"line":16,"column":16},"end":{"line":16,"column":59}},"8":{"start":{"line":16,"column":8},"end":{"line":16,"column":59}},"9":{"start":{"line":18,"column":4},"end":{"line":18,"column":null}},"10":{"start":{"line":21,"column":8},"end":{"line":44,"column":null}},"11":{"start":{"line":22,"column":10},"end":{"line":36,"column":null}},"12":{"start":{"line":37,"column":15},"end":{"line":37,"column":null}},"13":{"start":{"line":37,"column":10},"end":{"line":37,"column":null}},"14":{"start":{"line":39,"column":18},"end":{"line":39,"column":null}},"15":{"start":{"line":39,"column":12},"end":{"line":39,"column":null}},"16":{"start":{"line":40,"column":6},"end":{"line":40,"column":17}},"17":{"start":{"line":42,"column":6},"end":{"line":42,"column":16}},"18":{"start":{"line":46,"column":8},"end":{"line":84,"column":null}},"19":{"start":{"line":48,"column":10},"end":{"line":65,"column":null}},"20":{"start":{"line":66,"column":15},"end":{"line":66,"column":null}},"21":{"start":{"line":66,"column":10},"end":{"line":66,"column":null}},"22":{"start":{"line":68,"column":18},"end":{"line":79,"column":null}},"23":{"start":{"line":68,"column":12},"end":{"line":79,"column":null}},"24":{"start":{"line":80,"column":6},"end":{"line":80,"column":17}},"25":{"start":{"line":82,"column":6},"end":{"line":82,"column":16}},"26":{"start":{"line":86,"column":8},"end":{"line":102,"column":null}},"27":{"start":{"line":87,"column":8},"end":{"line":87,"column":40}},"28":{"start":{"line":90,"column":4},"end":{"line":90,"column":null}},"29":{"start":{"line":92,"column":10},"end":{"line":92,"column":69}},"30":{"start":{"line":93,"column":4},"end":{"line":93,"column":19}},"31":{"start":{"line":95,"column":15},"end":{"line":95,"column":null}},"32":{"start":{"line":95,"column":10},"end":{"line":95,"column":null}},"33":{"start":{"line":97,"column":18},"end":{"line":97,"column":null}},"34":{"start":{"line":97,"column":12},"end":{"line":97,"column":null}},"35":{"start":{"line":98,"column":6},"end":{"line":98,"column":17}},"36":{"start":{"line":100,"column":6},"end":{"line":100,"column":16}},"37":{"start":{"line":104,"column":8},"end":{"line":131,"column":null}},"38":{"start":{"line":106,"column":8},"end":{"line":106,"column":17}},"39":{"start":{"line":107,"column":4},"end":{"line":107,"column":null}},"40":{"start":{"line":109,"column":4},"end":{"line":109,"column":null}},"41":{"start":{"line":109,"column":21},"end":{"line":109,"column":null}},"42":{"start":{"line":110,"column":4},"end":{"line":110,"column":null}},"43":{"start":{"line":110,"column":21},"end":{"line":110,"column":null}},"44":{"start":{"line":111,"column":4},"end":{"line":111,"column":null}},"45":{"start":{"line":111,"column":19},"end":{"line":111,"column":null}},"46":{"start":{"line":112,"column":4},"end":{"line":112,"column":null}},"47":{"start":{"line":112,"column":19},"end":{"line":112,"column":null}},"48":{"start":{"line":113,"column":4},"end":{"line":113,"column":null}},"49":{"start":{"line":113,"column":19},"end":{"line":113,"column":null}},"50":{"start":{"line":116,"column":4},"end":{"line":116,"column":null}},"51":{"start":{"line":118,"column":10},"end":{"line":121,"column":18}},"52":{"start":{"line":122,"column":4},"end":{"line":122,"column":19}},"53":{"start":{"line":124,"column":15},"end":{"line":124,"column":null}},"54":{"start":{"line":124,"column":10},"end":{"line":124,"column":null}},"55":{"start":{"line":126,"column":16},"end":{"line":126,"column":null}},"56":{"start":{"line":126,"column":10},"end":{"line":126,"column":null}},"57":{"start":{"line":127,"column":6},"end":{"line":127,"column":17}},"58":{"start":{"line":129,"column":6},"end":{"line":129,"column":16}},"59":{"start":{"line":134,"column":2},"end":{"line":178,"column":null}},"60":{"start":{"line":138,"column":12},"end":{"line":138,"column":38}},"61":{"start":{"line":139,"column":12},"end":{"line":139,"column":15}},"62":{"start":{"line":141,"column":4},"end":{"line":158,"column":null}},"63":{"start":{"line":143,"column":14},"end":{"line":145,"column":null}},"64":{"start":{"line":149,"column":15},"end":{"line":154,"column":null}},"65":{"start":{"line":157,"column":6},"end":{"line":157,"column":31}},"66":{"start":{"line":161,"column":14},"end":{"line":161,"column":16}},"67":{"start":{"line":163,"column":4},"end":{"line":176,"column":null}},"68":{"start":{"line":164,"column":8},"end":{"line":175,"column":null}},"69":{"start":{"line":164,"column":18},"end":{"line":164,"column":19}},"70":{"start":{"line":165,"column":47},"end":{"line":165,"column":68}},"71":{"start":{"line":168,"column":12},"end":{"line":174,"column":null}},"72":{"start":{"line":169,"column":32},"end":{"line":171,"column":null}},"73":{"start":{"line":173,"column":16},"end":{"line":173,"column":null}},"74":{"start":{"line":177,"column":4},"end":{"line":177,"column":29}},"75":{"start":{"line":180,"column":0},"end":{"line":180,"column":null}}},"fnMap":{"0":{"name":"(anonymous_12)","decl":{"start":{"line":6,"column":14},"end":{"line":6,"column":17}},"loc":{"start":{"line":6,"column":14},"end":{"line":180,"column":null}}},"1":{"name":"SQLiteMgr","decl":{"start":{"line":10,"column":2},"end":{"line":10,"column":null}},"loc":{"start":{"line":10,"column":2},"end":{"line":12,"column":3}}},"2":{"name":"(anonymous_14)","decl":{"start":{"line":14,"column":2},"end":{"line":14,"column":8}},"loc":{"start":{"line":14,"column":2},"end":{"line":19,"column":null}}},"3":{"name":"(anonymous_17)","decl":{"start":{"line":21,"column":2},"end":{"line":21,"column":8}},"loc":{"start":{"line":21,"column":2},"end":{"line":44,"column":null}}},"4":{"name":"(anonymous_20)","decl":{"start":{"line":46,"column":2},"end":{"line":46,"column":8}},"loc":{"start":{"line":46,"column":39},"end":{"line":84,"column":null}}},"5":{"name":"(anonymous_23)","decl":{"start":{"line":86,"column":2},"end":{"line":86,"column":8}},"loc":{"start":{"line":86,"column":59},"end":{"line":102,"column":null}}},"6":{"name":"(anonymous_26)","decl":{"start":{"line":104,"column":2},"end":{"line":104,"column":8}},"loc":{"start":{"line":104,"column":58},"end":{"line":131,"column":null}}},"7":{"name":"(anonymous_29)","decl":{"start":{"line":134,"column":2},"end":{"line":134,"column":20}},"loc":{"start":{"line":134,"column":50},"end":{"line":178,"column":3}}}},"branchMap":{"0":{"loc":{"start":{"line":18,"column":4},"end":{"line":18,"column":null}},"type":"switch","locations":[{"start":{"line":18,"column":4},"end":{"line":18,"column":null}}]},"1":{"loc":{"start":{"line":15,"column":7},"end":{"line":15,"column":8}},"type":"if","locations":[{"start":{"line":15,"column":7},"end":{"line":15,"column":8}},{"start":{"line":15,"column":7},"end":{"line":15,"column":8}}]},"2":{"loc":{"start":{"line":109,"column":4},"end":{"line":109,"column":null}},"type":"if","locations":[{"start":{"line":109,"column":4},"end":{"line":109,"column":null}},{"start":{"line":109,"column":4},"end":{"line":109,"column":null}}]},"3":{"loc":{"start":{"line":110,"column":4},"end":{"line":110,"column":null}},"type":"if","locations":[{"start":{"line":110,"column":4},"end":{"line":110,"column":null}},{"start":{"line":110,"column":4},"end":{"line":110,"column":null}}]},"4":{"loc":{"start":{"line":111,"column":4},"end":{"line":111,"column":null}},"type":"if","locations":[{"start":{"line":111,"column":4},"end":{"line":111,"column":null}},{"start":{"line":111,"column":4},"end":{"line":111,"column":null}}]},"5":{"loc":{"start":{"line":112,"column":4},"end":{"line":112,"column":null}},"type":"if","locations":[{"start":{"line":112,"column":4},"end":{"line":112,"column":null}},{"start":{"line":112,"column":4},"end":{"line":112,"column":null}}]},"6":{"loc":{"start":{"line":113,"column":4},"end":{"line":113,"column":null}},"type":"if","locations":[{"start":{"line":113,"column":4},"end":{"line":113,"column":null}},{"start":{"line":113,"column":4},"end":{"line":113,"column":null}}]},"7":{"loc":{"start":{"line":141,"column":4},"end":{"line":158,"column":null}},"type":"if","locations":[{"start":{"line":141,"column":4},"end":{"line":158,"column":null}},{"start":{"line":141,"column":4},"end":{"line":158,"column":null}}]},"8":{"loc":{"start":{"line":163,"column":4},"end":{"line":176,"column":null}},"type":"if","locations":[{"start":{"line":163,"column":4},"end":{"line":176,"column":null}},{"start":{"line":163,"column":4},"end":{"line":176,"column":null}}]},"9":{"loc":{"start":{"line":163,"column":7},"end":{"line":163,"column":22}},"type":"binary-expr","locations":[{"start":{"line":163,"column":7},"end":{"line":163,"column":22}},{"start":{"line":163,"column":26},"end":{"line":163,"column":44}}]},"10":{"loc":{"start":{"line":168,"column":12},"end":{"line":174,"column":null}},"type":"if","locations":[{"start":{"line":168,"column":12},"end":{"line":174,"column":null}},{"start":{"line":168,"column":12},"end":{"line":174,"column":null}}]}},"s":{"0":2,"1":2,"2":2,"3":1,"4":2,"5":31,"6":1,"7":1,"8":1,"9":16,"10":2,"11":2,"12":2,"13":2,"14":2,"15":1,"16":1,"17":1,"18":2,"19":2,"20":2,"21":2,"22":2,"23":1,"24":1,"25":1,"26":2,"27":5,"28":5,"29":5,"30":5,"31":5,"32":5,"33":5,"34":4,"35":4,"36":1,"37":2,"38":7,"39":7,"40":7,"41":1,"42":7,"43":1,"44":7,"45":1,"46":7,"47":1,"48":7,"49":1,"50":7,"51":7,"52":7,"53":7,"54":7,"55":7,"56":6,"57":6,"58":1,"59":2,"60":12,"61":12,"62":12,"63":11,"64":11,"65":11,"66":12,"67":12,"68":2,"69":2,"70":2,"71":2,"72":1,"73":1,"74":12,"75":2},"f":{"0":2,"1":1,"2":16,"3":2,"4":2,"5":5,"6":7,"7":12},"b":{"0":[16],"1":[15,1],"2":[1,6],"3":[1,6],"4":[1,6],"5":[1,6],"6":[1,6],"7":[11,1],"8":[2,10],"9":[12,11],"10":[1,1]}}
,"/Users/devcreative/Desktop/repo/gitlab/didi-repo/mouro/src/lib/storageMgr.ts": {"path":"/Users/devcreative/Desktop/repo/gitlab/didi-repo/mouro/src/lib/storageMgr.ts","statementMap":{"0":{"start":{"line":23,"column":0},"end":{"line":23,"column":13}},"1":{"start":{"line":27,"column":4},"end":{"line":27,"column":null}},"2":{"start":{"line":28,"column":8},"end":{"line":28,"column":82}},"3":{"start":{"line":28,"column":36},"end":{"line":28,"column":82}},"4":{"start":{"line":29,"column":8},"end":{"line":29,"column":73}},"5":{"start":{"line":29,"column":31},"end":{"line":29,"column":73}},"6":{"start":{"line":33,"column":8},"end":{"line":39,"column":null}},"7":{"start":{"line":34,"column":12},"end":{"line":36,"column":17}},"8":{"start":{"line":34,"column":13},"end":{"line":36,"column":14}},"9":{"start":{"line":35,"column":16},"end":{"line":35,"column":42}},"10":{"start":{"line":38,"column":12},"end":{"line":38,"column":null}},"11":{"start":{"line":43,"column":10},"end":{"line":45,"column":null}},"12":{"start":{"line":44,"column":8},"end":{"line":44,"column":42}},"13":{"start":{"line":47,"column":10},"end":{"line":49,"column":null}},"14":{"start":{"line":48,"column":8},"end":{"line":48,"column":52}},"15":{"start":{"line":51,"column":10},"end":{"line":53,"column":null}},"16":{"start":{"line":52,"column":8},"end":{"line":52,"column":56}},"17":{"start":{"line":54,"column":0},"end":{"line":54,"column":null}},"18":{"start":{"line":23,"column":13},"end":{"line":23,"column":23}}},"fnMap":{"0":{"name":"(anonymous_12)","decl":{"start":{"line":23,"column":0},"end":{"line":23,"column":13}},"loc":{"start":{"line":23,"column":0},"end":{"line":54,"column":null}}},"1":{"name":"StorageMgr","decl":{"start":{"line":27,"column":4},"end":{"line":27,"column":null}},"loc":{"start":{"line":27,"column":4},"end":{"line":41,"column":5}}},"2":{"name":"(anonymous_14)","decl":{"start":{"line":34,"column":13},"end":{"line":34,"column":null}},"loc":{"start":{"line":34,"column":13},"end":{"line":36,"column":14}}},"3":{"name":"(anonymous_17)","decl":{"start":{"line":43,"column":4},"end":{"line":43,"column":10}},"loc":{"start":{"line":43,"column":41},"end":{"line":45,"column":null}}},"4":{"name":"(anonymous_20)","decl":{"start":{"line":47,"column":4},"end":{"line":47,"column":10}},"loc":{"start":{"line":47,"column":61},"end":{"line":49,"column":null}}},"5":{"name":"(anonymous_23)","decl":{"start":{"line":51,"column":4},"end":{"line":51,"column":10}},"loc":{"start":{"line":51,"column":62},"end":{"line":53,"column":null}}}},"branchMap":{"0":{"loc":{"start":{"line":28,"column":8},"end":{"line":28,"column":82}},"type":"if","locations":[{"start":{"line":28,"column":8},"end":{"line":28,"column":82}},{"start":{"line":28,"column":8},"end":{"line":28,"column":82}}]},"1":{"loc":{"start":{"line":29,"column":8},"end":{"line":29,"column":73}},"type":"if","locations":[{"start":{"line":29,"column":8},"end":{"line":29,"column":73}},{"start":{"line":29,"column":8},"end":{"line":29,"column":73}}]},"2":{"loc":{"start":{"line":33,"column":8},"end":{"line":39,"column":null}},"type":"if","locations":[{"start":{"line":33,"column":8},"end":{"line":39,"column":null}},{"start":{"line":33,"column":8},"end":{"line":39,"column":null}}]},"3":{"loc":{"start":{"line":35,"column":16},"end":{"line":35,"column":42}},"type":"switch","locations":[{"start":{"line":35,"column":16},"end":{"line":35,"column":42}}]}},"s":{"0":6,"1":4,"2":4,"3":1,"4":4,"5":2,"6":4,"7":3,"8":3,"9":6,"10":1,"11":6,"12":1,"13":6,"14":1,"15":6,"16":1,"17":6,"18":6},"f":{"0":6,"1":4,"2":6,"3":1,"4":1,"5":1},"b":{"0":[1,3],"1":[2,2],"2":[3,1],"3":[3]}}
}
