TN:
SF:/Users/devcreative/Desktop/repo/gitlab/didi-repo/mouro/src/api_handler.ts
FNF:0
FNH:0
DA:4,1
DA:5,1
DA:6,1
DA:7,1
DA:8,1
DA:11,1
DA:12,1
DA:13,1
DA:14,1
DA:15,1
DA:18,1
DA:21,1
DA:24,1
LF:13
LH:13
BRF:0
BRH:0
end_of_record
TN:
SF:/Users/devcreative/Desktop/repo/gitlab/didi-repo/mouro/src/handlers/graphql.ts
FN:6,(anonymous_0)
FN:10,GraphQLHandler
FN:14,(anonymous_2)
FN:19,(anonymous_3)
FN:23,(anonymous_4)
FNF:5
FNH:5
FNDA:2,(anonymous_0)
FNDA:2,GraphQLHandler
FNDA:1,(anonymous_2)
FNDA:1,(anonymous_3)
FNDA:1,(anonymous_4)
DA:1,2
DA:6,2
DA:11,2
DA:14,2
DA:15,1
DA:16,1
DA:19,2
DA:20,1
DA:21,1
DA:24,1
DA:25,1
DA:26,1
DA:37,1
DA:45,2
LF:14
LH:14
BRF:0
BRH:0
end_of_record
TN:
SF:/Users/devcreative/Desktop/repo/gitlab/didi-repo/mouro/src/lib/authMgr.ts
FN:23,(anonymous_14)
FN:25,AuthMgr
FN:29,(anonymous_16)
FN:35,(anonymous_19)
FN:50,(anonymous_22)
FNF:5
FNH:5
FNDA:5,(anonymous_14)
FNDA:3,AuthMgr
FNDA:16,(anonymous_16)
FNDA:13,(anonymous_19)
FNDA:9,(anonymous_22)
DA:1,5
DA:23,5
DA:26,3
DA:29,5
DA:30,16
DA:31,15
DA:32,11
DA:35,5
DA:36,13
DA:37,13
DA:38,13
DA:40,11
DA:41,11
DA:42,10
DA:43,10
DA:45,9
DA:50,5
DA:54,9
DA:55,8
DA:57,7
DA:61,9
DA:62,5
DA:63,5
DA:64,5
DA:65,9
DA:66,4
DA:70,4
DA:73,3
DA:74,2
DA:79,2
DA:80,1
DA:81,1
DA:85,1
DA:88,5
DA:89,5
DA:93,7
DA:96,5
LF:37
LH:37
BRDA:30,0,0,1
BRDA:30,0,1,15
BRDA:45,1,0,9
BRDA:37,2,0,2
BRDA:37,2,1,11
BRDA:38,3,0,2
BRDA:38,3,1,11
BRDA:41,4,0,1
BRDA:41,4,1,10
BRDA:43,5,0,1
BRDA:43,5,1,9
BRDA:54,6,0,9
BRDA:55,7,0,1
BRDA:55,7,1,7
BRDA:61,8,0,2
BRDA:61,8,1,5
BRDA:61,9,0,7
BRDA:61,9,1,6
BRDA:65,10,0,5
BRDA:65,10,1,4
BRDA:73,11,0,2
BRDA:73,11,1,1
BRDA:80,12,0,1
BRDA:80,12,1,1
BRDA:88,13,0,1
BRDA:88,13,1,4
BRDA:89,14,0,1
BRDA:89,14,1,4
BRF:28
BRH:28
end_of_record
TN:
SF:/Users/devcreative/Desktop/repo/gitlab/didi-repo/mouro/src/lib/edgeResolverMgr.ts
FN:6,(anonymous_12)
FN:10,EdgeResolverMgr
FN:14,(anonymous_14)
FN:54,(anonymous_17)
FNF:4
FNH:4
FNDA:4,(anonymous_12)
FNDA:2,EdgeResolverMgr
FNDA:2,(anonymous_14)
FNDA:5,(anonymous_17)
DA:1,4
DA:2,4
DA:6,4
DA:11,2
DA:14,4
DA:15,2
DA:18,2
DA:19,2
DA:23,2
DA:24,2
DA:25,1
DA:27,1
DA:29,1
DA:41,1
DA:42,1
DA:45,2
DA:48,1
DA:49,1
DA:50,1
DA:51,1
DA:54,4
DA:56,5
DA:57,5
DA:59,4
DA:60,3
DA:61,2
DA:63,1
DA:66,4
LF:28
LH:28
BRDA:57,0,0,1
BRDA:57,0,1,4
BRDA:59,1,0,1
BRDA:59,1,1,3
BRDA:60,2,0,1
BRDA:60,2,1,2
BRDA:61,3,0,1
BRDA:61,3,1,1
BRF:8
BRH:8
end_of_record
TN:
SF:/Users/devcreative/Desktop/repo/gitlab/didi-repo/mouro/src/lib/pgMgr.ts
FN:6,(anonymous_12)
FN:8,PgMgr
FN:12,(anonymous_14)
FN:18,(anonymous_15)
FN:48,(anonymous_18)
FN:92,(anonymous_21)
FN:113,(anonymous_24)
FN:145,(anonymous_27)
FNF:8
FNH:8
FNDA:3,(anonymous_12)
FNDA:1,PgMgr
FNDA:14,(anonymous_14)
FNDA:2,(anonymous_15)
FNDA:2,(anonymous_18)
FNDA:4,(anonymous_21)
FNDA:6,(anonymous_24)
FNDA:10,(anonymous_27)
DA:3,3
DA:4,3
DA:6,3
DA:9,1
DA:12,3
DA:13,14
DA:18,3
DA:19,2
DA:36,2
DA:38,4
DA:39,2
DA:40,1
DA:42,1
DA:44,4
DA:48,3
DA:50,2
DA:69,2
DA:71,4
DA:72,2
DA:84,1
DA:86,1
DA:88,4
DA:92,3
DA:93,4
DA:96,4
DA:98,4
DA:99,4
DA:101,4
DA:103,8
DA:104,4
DA:105,3
DA:107,1
DA:109,8
DA:113,3
DA:115,6
DA:117,6
DA:118,6
DA:119,6
DA:120,6
DA:121,6
DA:124,6
DA:126,6
DA:130,6
DA:132,6
DA:134,12
DA:135,6
DA:136,5
DA:138,1
DA:140,12
DA:145,3
DA:149,10
DA:150,10
DA:152,10
DA:154,9
DA:160,9
DA:168,9
DA:171,10
DA:173,10
DA:174,2
DA:175,2
DA:178,2
DA:179,1
DA:183,1
DA:187,10
DA:190,3
LF:65
LH:65
BRDA:44,0,0,2
BRDA:88,1,0,2
BRDA:109,2,0,4
BRDA:140,3,0,6
BRDA:117,4,0,1
BRDA:117,4,1,5
BRDA:118,5,0,1
BRDA:118,5,1,5
BRDA:119,6,0,1
BRDA:119,6,1,5
BRDA:120,7,0,1
BRDA:120,7,1,5
BRDA:121,8,0,1
BRDA:121,8,1,5
BRDA:152,9,0,9
BRDA:152,9,1,1
BRDA:173,10,0,2
BRDA:173,10,1,8
BRDA:173,11,0,10
BRDA:173,11,1,9
BRDA:178,12,0,1
BRDA:178,12,1,1
BRF:22
BRH:22
end_of_record
TN:
SF:/Users/devcreative/Desktop/repo/gitlab/didi-repo/mouro/src/lib/queryResolverMgr.ts
FN:5,(anonymous_12)
FN:10,QueryResolverMgr
FN:15,(anonymous_14)
FN:24,(anonymous_17)
FN:38,(anonymous_20)
FNF:5
FNH:5
FNDA:4,(anonymous_12)
FNDA:2,QueryResolverMgr
FNDA:3,(anonymous_14)
FNDA:4,(anonymous_17)
FNDA:3,(anonymous_20)
DA:5,4
DA:11,2
DA:12,2
DA:15,4
DA:16,3
DA:17,2
DA:19,1
DA:24,4
DA:26,4
DA:28,3
DA:29,2
DA:32,1
DA:33,1
DA:34,1
DA:35,1
DA:38,4
DA:39,3
DA:41,2
DA:43,1
DA:44,1
DA:46,1
DA:47,1
DA:48,1
DA:49,1
DA:53,1
DA:55,4
LF:26
LH:26
BRDA:16,0,0,3
BRDA:17,1,0,1
BRDA:17,1,1,1
BRDA:26,2,0,4
BRDA:29,3,0,1
BRDA:29,3,1,1
BRDA:39,4,0,3
BRF:7
BRH:7
end_of_record
TN:
SF:/Users/devcreative/Desktop/repo/gitlab/didi-repo/mouro/src/lib/schemaMgr.ts
FN:6,(anonymous_12)
FN:11,SchemaMgr
FN:16,(anonymous_14)
FN:20,(anonymous_15)
FN:24,(anonymous_16)
FN:24,(anonymous_17)
FN:29,(anonymous_19)
FN:29,(anonymous_20)
FN:34,(anonymous_22)
FN:34,(anonymous_23)
FN:40,(anonymous_25)
FN:40,(anonymous_26)
FN:55,(anonymous_28)
FNF:13
FNH:13
FNDA:3,(anonymous_12)
FNDA:2,SchemaMgr
FNDA:2,(anonymous_14)
FNDA:6,(anonymous_15)
FNDA:1,(anonymous_16)
FNDA:1,(anonymous_17)
FNDA:1,(anonymous_19)
FNDA:1,(anonymous_20)
FNDA:1,(anonymous_22)
FNDA:1,(anonymous_23)
FNDA:1,(anonymous_25)
FNDA:1,(anonymous_26)
FNDA:2,(anonymous_28)
DA:1,3
DA:2,3
DA:6,3
DA:12,2
DA:13,2
DA:16,3
DA:17,2
DA:20,6
DA:21,6
DA:24,1
DA:25,1
DA:26,1
DA:29,1
DA:30,1
DA:31,1
DA:34,1
DA:35,1
DA:36,1
DA:40,1
DA:41,1
DA:42,1
DA:55,3
DA:56,2
DA:57,2
DA:58,2
DA:64,3
LF:26
LH:26
BRDA:25,0,0,1
BRDA:30,1,0,1
BRDA:35,2,0,1
BRDA:41,3,0,1
BRF:4
BRH:4
end_of_record
TN:
SF:/Users/devcreative/Desktop/repo/gitlab/didi-repo/mouro/src/lib/sqliteMgr.ts
FN:6,(anonymous_12)
FN:10,SQLiteMgr
FN:14,(anonymous_14)
FN:21,(anonymous_17)
FN:46,(anonymous_20)
FN:86,(anonymous_23)
FN:104,(anonymous_26)
FN:134,(anonymous_29)
FNF:8
FNH:8
FNDA:2,(anonymous_12)
FNDA:1,SQLiteMgr
FNDA:16,(anonymous_14)
FNDA:2,(anonymous_17)
FNDA:2,(anonymous_20)
FNDA:5,(anonymous_23)
FNDA:7,(anonymous_26)
FNDA:12,(anonymous_29)
DA:3,2
DA:4,2
DA:6,2
DA:11,1
DA:14,2
DA:15,31
DA:16,1
DA:18,16
DA:21,2
DA:22,2
DA:37,2
DA:39,2
DA:40,1
DA:42,1
DA:46,2
DA:48,2
DA:66,2
DA:68,2
DA:80,1
DA:82,1
DA:86,2
DA:87,5
DA:90,5
DA:92,5
DA:93,5
DA:95,5
DA:97,5
DA:98,4
DA:100,1
DA:104,2
DA:106,7
DA:107,7
DA:109,7
DA:110,7
DA:111,7
DA:112,7
DA:113,7
DA:116,7
DA:118,7
DA:122,7
DA:124,7
DA:126,7
DA:127,6
DA:129,1
DA:134,2
DA:138,12
DA:139,12
DA:141,12
DA:143,11
DA:149,11
DA:157,11
DA:161,12
DA:163,12
DA:164,2
DA:165,2
DA:168,2
DA:169,1
DA:173,1
DA:177,12
DA:180,2
LF:60
LH:60
BRDA:18,0,0,16
BRDA:15,1,0,15
BRDA:15,1,1,1
BRDA:109,2,0,1
BRDA:109,2,1,6
BRDA:110,3,0,1
BRDA:110,3,1,6
BRDA:111,4,0,1
BRDA:111,4,1,6
BRDA:112,5,0,1
BRDA:112,5,1,6
BRDA:113,6,0,1
BRDA:113,6,1,6
BRDA:141,7,0,11
BRDA:141,7,1,1
BRDA:163,8,0,2
BRDA:163,8,1,10
BRDA:163,9,0,12
BRDA:163,9,1,11
BRDA:168,10,0,1
BRDA:168,10,1,1
BRF:21
BRH:21
end_of_record
TN:
SF:/Users/devcreative/Desktop/repo/gitlab/didi-repo/mouro/src/lib/storageMgr.ts
FN:23,(anonymous_12)
FN:27,StorageMgr
FN:34,(anonymous_14)
FN:43,(anonymous_17)
FN:47,(anonymous_20)
FN:51,(anonymous_23)
FNF:6
FNH:6
FNDA:6,(anonymous_12)
FNDA:4,StorageMgr
FNDA:6,(anonymous_14)
FNDA:1,(anonymous_17)
FNDA:1,(anonymous_20)
FNDA:1,(anonymous_23)
DA:23,6
DA:27,4
DA:28,4
DA:29,4
DA:33,4
DA:34,3
DA:35,6
DA:38,1
DA:43,6
DA:44,1
DA:47,6
DA:48,1
DA:51,6
DA:52,1
DA:54,6
LF:15
LH:15
BRDA:28,0,0,1
BRDA:28,0,1,3
BRDA:29,1,0,2
BRDA:29,1,1,2
BRDA:33,2,0,3
BRDA:33,2,1,1
BRDA:35,3,0,3
BRF:7
BRH:7
end_of_record
